<?xml version="1.0" encoding="UTF-8"?>
<!-- Generated by org.testng.reporters.JUnitReportReporter -->
<testsuite skipped="0" hostname="LAPTOP-6N8JH9VI" name="Homework.TestPage" tests="5" failures="0" timestamp="28 Aug 2022 06:21:59 GMT" time="1.306" errors="0">
  <testcase name="cut" time="0.238" classname="Homework.TestPage"/>
  <testcase name="paste" time="0.234" classname="Homework.TestPage"/>
  <testcase name="edit" time="0.296" classname="Homework.TestPage"/>
  <testcase name="copy" time="0.265" classname="Homework.TestPage"/>
  <testcase name="delete" time="0.273" classname="Homework.TestPage"/>
</testsuite> <!-- Homework.TestPage -->
