<?xml version="1.0" encoding="UTF-8"?>
<!-- Generated by org.testng.reporters.JUnitReportReporter -->
<testsuite skipped="0" hostname="LAPTOP-6N8JH9VI" name="Homework.TestPage" tests="5" failures="0" timestamp="28 Aug 2022 08:08:18 GMT" time="0.907" errors="0">
  <testcase name="copy" time="0.200" classname="Homework.TestPage"/>
  <testcase name="delete" time="0.174" classname="Homework.TestPage"/>
  <testcase name="paste" time="0.190" classname="Homework.TestPage"/>
  <testcase name="cut" time="0.171" classname="Homework.TestPage"/>
  <testcase name="edit" time="0.172" classname="Homework.TestPage"/>
</testsuite> <!-- Homework.TestPage -->
